<?xml version="1.0" encoding="UTF-8"?>
<!-- Generated by org.testng.reporters.JUnitReportReporter -->
<testsuite hostname="Tarjinders-MacBook-Air.local" failures="0" tests="2" name="com.technavas.selenium.FirstTestNG" time="0.000" errors="0" timestamp="2020-02-27T17:52:14 GMT" skipped="2">
  <testcase classname="com.technavas.selenium.FirstTestNG" name="myfirstTestCase" time="0.000">
    <skipped/>
  </testcase> <!-- myfirstTestCase -->
  <testcase classname="com.technavas.selenium.FirstTestNG" name="mysecondTestCase" time="0.000">
    <skipped/>
  </testcase> <!-- mysecondTestCase -->
</testsuite> <!-- com.technavas.selenium.FirstTestNG -->
