<?xml version="1.0" encoding="UTF-8"?>
<!-- Generated by org.testng.reporters.JUnitReportReporter -->
<testsuite hostname="Tarjinders-MacBook-Air.local" failures="0" tests="1" name="com.technavas.selenium.AddingAssertions" time="8.235" errors="0" timestamp="2020-02-16T07:08:45 GMT" skipped="0">
  <testcase classname="com.technavas.selenium.AddingAssertions" name="f" time="8.235"/>
</testsuite> <!-- com.technavas.selenium.AddingAssertions -->
