<?xml version="1.0" encoding="UTF-8"?>
<!-- Generated by org.testng.reporters.JUnitReportReporter -->
<testsuite hostname="Tarjinders-MacBook-Air.local" failures="0" tests="1" name="com.technavas.selenium.ThirdClassNG" time="0.000" errors="0" timestamp="2020-02-27T17:52:14 GMT" skipped="1">
  <testcase classname="com.technavas.selenium.ThirdClassNG" name="f" time="0.000">
    <skipped/>
  </testcase> <!-- f -->
</testsuite> <!-- com.technavas.selenium.ThirdClassNG -->
