<?xml version="1.0" encoding="UTF-8"?>
<!-- Generated by org.testng.reporters.JUnitReportReporter -->
<testsuite hostname="Tarjinders-MacBook-Air.local" failures="0" tests="1" name="com.techcanvass.test.FormFillingTest" time="0.824" errors="0" timestamp="2020-02-22T08:31:47 GMT" skipped="0">
  <testcase classname="com.techcanvass.test.FormFillingTest" name="fillform" time="0.824"/>
</testsuite> <!-- com.techcanvass.test.FormFillingTest -->
